
train_set_portion 0.03
('X_train[0][0] shape', (142, 4))
('Y_train[0] shape', (142,))
training
Iteration 0
dual: 1.170093, dual_gap: 9.060292, primal: 10.230385
Iteration 1
Iteration 2
Iteration 3
Iteration 4
Iteration 5
Iteration 6
Iteration 7
Iteration 8
Iteration 9
Calculating final objective.
score: 0.9338


train_set_portion 0.04
('X_train[0][0] shape', (166, 4))
('Y_train[0] shape', (166,))
training
Iteration 0
dual: 1.102602, dual_gap: 10.393251, primal: 11.495853
Iteration 1
Iteration 2
Iteration 3
Iteration 4
Iteration 5
Iteration 6
Iteration 7
Iteration 8
Iteration 9
Calculating final objective.
score: 0.9187


train_set_portion 0.05
('X_train[0][0] shape', (224, 4))
('Y_train[0] shape', (224,))
training
Iteration 0
dual: 1.196992, dual_gap: 14.686293, primal: 15.883284
Iteration 1
Iteration 2
Iteration 3
Iteration 4
Iteration 5
Iteration 6
Iteration 7
Iteration 8
Iteration 9
Calculating final objective.
score: 0.9172


train_set_portion 0.06
('X_train[0][0] shape', (267, 4))
('Y_train[0] shape', (267,))
training
Iteration 0
dual: 1.040420, dual_gap: 15.835402, primal: 16.875821
Iteration 1
Iteration 2
Iteration 3
Iteration 4
Iteration 5
Iteration 6
Iteration 7
Iteration 8
Iteration 9
Calculating final objective.
score: 0.9277


train_set_portion 0.07
('X_train[0][0] shape', (329, 4))
('Y_train[0] shape', (329,))
training
Iteration 0
dual: 1.056748, dual_gap: 19.667375, primal: 20.724123
Iteration 1
Iteration 2
Iteration 3
Iteration 4
Iteration 5
Iteration 6
Iteration 7
Iteration 8
Iteration 9
Calculating final objective.
score: 0.9120


train_set_portion 0.08
('X_train[0][0] shape', (333, 4))
('Y_train[0] shape', (333,))
training
Iteration 0
dual: 1.120553, dual_gap: 21.056804, primal: 22.177357
Iteration 1
Iteration 2
Iteration 3
Iteration 4
Iteration 5
Iteration 6
Iteration 7
Iteration 8
Iteration 9
Calculating final objective.
score: 0.9316


train_set_portion 0.09
('X_train[0][0] shape', (367, 4))
('Y_train[0] shape', (367,))
training
Iteration 0
dual: 1.121084, dual_gap: 23.811532, primal: 24.932616
Iteration 1
Iteration 2
Iteration 3
Iteration 4
Iteration 5
Iteration 6
Iteration 7
Iteration 8
Iteration 9
Calculating final objective.
score: 0.9212


train_set_portion 0.1
('X_train[0][0] shape', (413, 4))
('Y_train[0] shape', (413,))
training
Iteration 0
dual: 1.127553, dual_gap: 25.844642, primal: 26.972194
Iteration 1
Iteration 2
Iteration 3
Iteration 4
Iteration 5
Iteration 6
Iteration 7
Iteration 8
Iteration 9
Calculating final objective.
score: 0.9341


train_set_portion 0.2
('X_train[0][0] shape', (838, 4))
('Y_train[0] shape', (838,))
training
Iteration 0
dual: 1.096228, dual_gap: 54.270143, primal: 55.366371
Iteration 1
Iteration 2
Iteration 3
Iteration 4
Iteration 5
Iteration 6
Iteration 7
Iteration 8
Iteration 9
Calculating final objective.
score: 0.9338


train_set_portion 0.3
('X_train[0][0] shape', (1295, 4))
('Y_train[0] shape', (1295,))
training
Iteration 0
dual: 1.077832, dual_gap: 88.358118, primal: 89.435950
Iteration 1
Iteration 2
Iteration 3
Iteration 4
Iteration 5
Iteration 6
Iteration 7
Iteration 8
Iteration 9
Calculating final objective.
score: 0.9289


train_set_portion 0.4
('X_train[0][0] shape', (1736, 4))
('Y_train[0] shape', (1736,))
training
Iteration 0
dual: 1.082204, dual_gap: 123.419445, primal: 124.501648
Iteration 1
Iteration 2
Iteration 3
Iteration 4
Iteration 5
Iteration 6
Iteration 7
Iteration 8
Iteration 9
Calculating final objective.
score: 0.9392


train_set_portion 0.5
('X_train[0][0] shape', (2108, 4))
('Y_train[0] shape', (2108,))
training
Iteration 0
dual: 1.031637, dual_gap: 156.366683, primal: 157.398320
Iteration 1
Iteration 2
Iteration 3
Iteration 4
Iteration 5
Iteration 6
Iteration 7
Iteration 8
Iteration 9
Calculating final objective.
score: 0.9088


train_set_portion 0.6
('X_train[0][0] shape', (2497, 4))
('Y_train[0] shape', (2497,))
training
Iteration 0
dual: 0.983202, dual_gap: 195.777157, primal: 196.760359
Iteration 1
Iteration 2
Iteration 3
Iteration 4
Iteration 5
Iteration 6
Iteration 7
Iteration 8
Iteration 9
Calculating final objective.
score: 0.9178


train_set_portion 0.7
('X_train[0][0] shape', (2958, 4))
('Y_train[0] shape', (2958,))
training
Iteration 0
dual: 0.973291, dual_gap: 252.347712, primal: 253.321003
Iteration 1
Iteration 2
Iteration 3
Iteration 4
Iteration 5
Iteration 6
Iteration 7
Iteration 8
Iteration 9
Calculating final objective.
score: 0.9358


train_set_portion 0.8
('X_train[0][0] shape', (3357, 4))
('Y_train[0] shape', (3357,))
training
Iteration 0
dual: 0.953184, dual_gap: 294.661535, primal: 295.614719
Iteration 1
Iteration 2
Iteration 3
Iteration 4
Iteration 5
Iteration 6
Iteration 7
Iteration 8
Iteration 9
Calculating final objective.
score: 0.9295


train_set_portion 0.9
('X_train[0][0] shape', (3819, 4))
('Y_train[0] shape', (3819,))
training
Iteration 0
dual: 0.898275, dual_gap: 369.700428, primal: 370.598703
Iteration 1
Iteration 2
Iteration 3
Iteration 4
Iteration 5
Iteration 6
Iteration 7
Iteration 8
Iteration 9
Calculating final objective.
score: 0.9329

